{"C:\\Users\\POSITIVO\\Desktop\\REACT\\ComponentsDeClassFetch\\src\\components\\Button\\Button.jsx": {"path":"C:\\Users\\POSITIVO\\Desktop\\REACT\\ComponentsDeClassFetch\\src\\components\\Button\\Button.jsx","all":false,"statementMap":{"0":{"start":{"line":1,"column":0},"end":{"line":1,"column":26}},"1":{"start":{"line":2,"column":0},"end":{"line":2,"column":0}},"2":{"start":{"line":3,"column":0},"end":{"line":3,"column":42}},"3":{"start":{"line":4,"column":0},"end":{"line":4,"column":33}},"4":{"start":{"line":5,"column":0},"end":{"line":5,"column":1}}},"s":{"0":1,"1":1,"2":1,"3":0,"4":0},"branchMap":{},"b":{},"fnMap":{"0":{"name":"Button","decl":{"start":{"line":3,"column":15},"end":{"line":5,"column":1}},"loc":{"start":{"line":3,"column":15},"end":{"line":5,"column":1}},"line":3}},"f":{"0":0}}
,"C:\\Users\\POSITIVO\\Desktop\\REACT\\ComponentsDeClassFetch\\src\\components\\PostCard\\index.jsx": {"path":"C:\\Users\\POSITIVO\\Desktop\\REACT\\ComponentsDeClassFetch\\src\\components\\PostCard\\index.jsx","all":false,"statementMap":{"0":{"start":{"line":1,"column":0},"end":{"line":1,"column":57}},"1":{"start":{"line":2,"column":0},"end":{"line":2,"column":24}},"2":{"start":{"line":3,"column":0},"end":{"line":3,"column":35}},"3":{"start":{"line":4,"column":0},"end":{"line":4,"column":34}},"4":{"start":{"line":5,"column":0},"end":{"line":5,"column":22}},"5":{"start":{"line":6,"column":0},"end":{"line":6,"column":19}},"6":{"start":{"line":7,"column":0},"end":{"line":7,"column":10}},"7":{"start":{"line":8,"column":0},"end":{"line":8,"column":8}},"8":{"start":{"line":9,"column":0},"end":{"line":9,"column":2}}},"s":{"0":1,"1":0,"2":0,"3":0,"4":0,"5":0,"6":0,"7":0,"8":0},"branchMap":{},"b":{},"fnMap":{"0":{"name":"PostCard","decl":{"start":{"line":1,"column":24},"end":{"line":9,"column":2}},"loc":{"start":{"line":1,"column":24},"end":{"line":9,"column":2}},"line":1}},"f":{"0":0}}
,"C:\\Users\\POSITIVO\\Desktop\\REACT\\ComponentsDeClassFetch\\src\\components\\PostCard\\mock.js": {"path":"C:\\Users\\POSITIVO\\Desktop\\REACT\\ComponentsDeClassFetch\\src\\components\\PostCard\\mock.js","all":false,"statementMap":{"0":{"start":{"line":1,"column":0},"end":{"line":1,"column":29}},"1":{"start":{"line":2,"column":0},"end":{"line":2,"column":21}},"2":{"start":{"line":3,"column":0},"end":{"line":3,"column":20}},"3":{"start":{"line":4,"column":0},"end":{"line":4,"column":10}},"4":{"start":{"line":5,"column":0},"end":{"line":5,"column":24}},"5":{"start":{"line":6,"column":0},"end":{"line":6,"column":1}}},"s":{"0":1,"1":1,"2":1,"3":1,"4":1,"5":1},"branchMap":{},"b":{},"fnMap":{},"f":{}}
}
